<?xml version="1.0" encoding="UTF-8"?>
<!-- Generated by org.testng.reporters.JUnitReportReporter -->
<testsuite hostname="GRB-LDS1W10A01" name="com.cucumber.runner.TestRunner" tests="1" failures="0" timestamp="19 Apr 2018 15:09:04 GMT" time="163.252" errors="0">
  <testcase name="feature" time="163.252" classname="com.cucumber.runner.TestRunner"/>
</testsuite> <!-- com.cucumber.runner.TestRunner -->
