<?xml version="1.0" encoding="UTF-8"?>
<!-- Generated by org.testng.reporters.JUnitReportReporter -->
<testsuite hostname="GRB-RDG1WIN7915" name="com.register.test.DeleteUsersTest" tests="1" failures="0" timestamp="12 Sep 2017 15:35:37 GMT" time="29.451" errors="0">
  <testcase name="deleteUsersProfile" time="29.451" classname="com.register.test.DeleteUsersTest"/>
</testsuite> <!-- com.register.test.DeleteUsersTest -->
