<?xml version="1.0" encoding="UTF-8"?>
<!-- Generated by org.testng.reporters.JUnitReportReporter -->
<testsuite hostname="GRB-LDS1W10A01" name="com.cucumber.runner.TestRunner" tests="1" failures="0" timestamp="27 Feb 2018 12:58:43 GMT" time="0.031" errors="0">
  <testcase name="feature" time="0.031" classname="com.cucumber.runner.TestRunner"/>
</testsuite> <!-- com.cucumber.runner.TestRunner -->
