<?xml version="1.0" encoding="UTF-8"?>
<!-- Generated by org.testng.reporters.JUnitReportReporter -->
<testsuite hostname="GRB-LDS1W10A01" name="com.register.test.RegisterUserResendLinkTest" tests="2" failures="0" timestamp="30 Oct 2017 15:13:47 GMT" time="156.001" errors="0">
  <testcase name="userRegistration" time="13.961" classname="com.register.test.RegisterUserResendLinkTest"/>
  <testcase name="userRegistrationResendLink" time="142.040" classname="com.register.test.RegisterUserResendLinkTest"/>
</testsuite> <!-- com.register.test.RegisterUserResendLinkTest -->
