<?xml version="1.0" encoding="UTF-8"?>
<!-- Generated by org.testng.reporters.JUnitReportReporter -->
<testsuite hostname="GRB-RDG1WIN7915" name="com.register.test.DeleteUsersTest" tests="1" failures="0" timestamp="12 Sep 2017 14:10:40 GMT" time="29.642" errors="0">
  <testcase name="deleteUsersProfile" time="29.642" classname="com.register.test.DeleteUsersTest"/>
</testsuite> <!-- com.register.test.DeleteUsersTest -->
