<?xml version="1.0" encoding="UTF-8"?>
<!-- Generated by org.testng.reporters.JUnitReportReporter -->
<testsuite hostname="GRB-RDG1WIN7915" name="com.register.test.DeleteUsersTest" tests="1" failures="0" timestamp="25 Sep 2017 11:05:26 GMT" time="40.321" errors="0">
  <testcase name="deleteUsersProfile" time="40.321" classname="com.register.test.DeleteUsersTest"/>
</testsuite> <!-- com.register.test.DeleteUsersTest -->
