<?xml version="1.0" encoding="UTF-8"?>
<!-- Generated by org.testng.reporters.JUnitReportReporter -->
<testsuite hostname="GRB-LDS1W10A01" name="com.register.test.VerifyEmailTest" tests="1" failures="0" timestamp="26 Oct 2017 14:09:18 GMT" time="19.581" errors="0">
  <testcase name="verifyEmail" time="19.581" classname="com.register.test.VerifyEmailTest"/>
</testsuite> <!-- com.register.test.VerifyEmailTest -->
