<?xml version="1.0" encoding="UTF-8"?>
<!-- Generated by org.testng.reporters.JUnitReportReporter -->
<testsuite hostname="GRB-LDS1W10A01" name="com.register.test.UnValidatedAccountLoginTest" tests="1" failures="0" timestamp="31 Oct 2017 15:27:54 GMT" time="40.866" errors="0">
  <testcase name="userUnvalidatedLogin" time="40.866" classname="com.register.test.UnValidatedAccountLoginTest"/>
</testsuite> <!-- com.register.test.UnValidatedAccountLoginTest -->
