<?xml version="1.0" encoding="UTF-8"?>
<!-- Generated by org.testng.reporters.JUnitReportReporter -->
<testsuite hostname="GRB-LDS1W10A01" name="com.register.test.LoginTimeOutReloginTest" tests="1" failures="0" timestamp="6 Nov 2017 14:56:55 GMT" time="91.655" errors="0">
  <testcase name="userSessionTimeOutReLogin" time="91.655" classname="com.register.test.LoginTimeOutReloginTest"/>
</testsuite> <!-- com.register.test.LoginTimeOutReloginTest -->
