<?xml version="1.0" encoding="UTF-8"?>
<!-- Generated by org.testng.reporters.JUnitReportReporter -->
<testsuite hostname="GRB-RDG1WIN7915" name="com.register.test.RegisterUserTest02" tests="1" failures="0" timestamp="12 Sep 2017 15:35:37 GMT" time="22.170" errors="0">
  <testcase name="userRegistration" time="22.170" classname="com.register.test.RegisterUserTest02"/>
</testsuite> <!-- com.register.test.RegisterUserTest02 -->
