<?xml version="1.0" encoding="UTF-8"?>
<!-- Generated by org.testng.reporters.JUnitReportReporter -->
<testsuite hostname="GRB-RDG1WIN7915" name="com.register.test.RegisterUserTest02" tests="1" failures="0" timestamp="12 Sep 2017 14:10:40 GMT" time="20.209" errors="0">
  <testcase name="userRegistration" time="20.209" classname="com.register.test.RegisterUserTest02"/>
</testsuite> <!-- com.register.test.RegisterUserTest02 -->
