<?xml version="1.0" encoding="UTF-8"?>
<!-- Generated by org.testng.reporters.JUnitReportReporter -->
<testsuite hostname="GRB-LDS1W10A01" name="com.register.test.RegisterUserTest" tests="1" failures="0" timestamp="31 Oct 2017 15:27:54 GMT" time="24.772" errors="0">
  <testcase name="userRegistration" time="24.772" classname="com.register.test.RegisterUserTest"/>
</testsuite> <!-- com.register.test.RegisterUserTest -->
