<?xml version="1.0" encoding="UTF-8"?>
<!-- Generated by org.testng.reporters.JUnitReportReporter -->
<testsuite hostname="GRB-LDS1W10A01" name="com.register.test.ForgotResetPasswordDashboardLogoutTest01" tests="2" failures="0" timestamp="25 Oct 2017 13:44:11 GMT" time="37.867" errors="0">
  <testcase name="resetPasswordEmail" time="23.190" classname="com.register.test.ForgotResetPasswordDashboardLogoutTest01"/>
  <testcase name="forgotPassword" time="14.677" classname="com.register.test.ForgotResetPasswordDashboardLogoutTest01"/>
</testsuite> <!-- com.register.test.ForgotResetPasswordDashboardLogoutTest01 -->
