<?xml version="1.0" encoding="UTF-8"?>
<!-- Generated by org.testng.reporters.JUnitReportReporter -->
<testsuite hostname="GRB-RDG1WIN7915" name="com.register.test.RegisterUserTest04" tests="12" failures="0" timestamp="28 Sep 2017 10:53:37 GMT" time="189.712" errors="0">
  <testcase name="userRegistration" time="15.190" classname="com.register.test.RegisterUserTest04"/>
  <testcase name="userRegistration" time="16.206" classname="com.register.test.RegisterUserTest04"/>
  <testcase name="userRegistration" time="14.333" classname="com.register.test.RegisterUserTest04"/>
  <testcase name="userRegistration" time="17.066" classname="com.register.test.RegisterUserTest04"/>
  <testcase name="userRegistration" time="14.691" classname="com.register.test.RegisterUserTest04"/>
  <testcase name="userRegistration" time="16.194" classname="com.register.test.RegisterUserTest04"/>
  <testcase name="userRegistration" time="15.341" classname="com.register.test.RegisterUserTest04"/>
  <testcase name="userRegistration" time="17.282" classname="com.register.test.RegisterUserTest04"/>
  <testcase name="userRegistration" time="18.223" classname="com.register.test.RegisterUserTest04"/>
  <testcase name="userRegistration" time="14.254" classname="com.register.test.RegisterUserTest04"/>
  <testcase name="userRegistration" time="16.505" classname="com.register.test.RegisterUserTest04"/>
  <testcase name="userRegistration" time="14.427" classname="com.register.test.RegisterUserTest04"/>
</testsuite> <!-- com.register.test.RegisterUserTest04 -->
