<?xml version="1.0" encoding="UTF-8"?>
<!-- Generated by org.testng.reporters.JUnitReportReporter -->
<testsuite hostname="GRB-RDG1WIN7915" name="com.register.test.RegisterUserTest" tests="1" failures="0" timestamp="1 Sep 2017 15:34:18 GMT" time="19.397" errors="0">
  <testcase name="userRegistration" time="19.397" classname="com.register.test.RegisterUserTest"/>
</testsuite> <!-- com.register.test.RegisterUserTest -->
