<?xml version="1.0" encoding="UTF-8"?>
<!-- Generated by org.testng.reporters.JUnitReportReporter -->
<testsuite hostname="GRB-RDG1WIN7915" name="com.register.test.VerifyEmailTest" tests="1" failures="0" timestamp="12 Sep 2017 14:40:18 GMT" time="31.178" errors="0">
  <testcase name="verifyEmail" time="31.178" classname="com.register.test.VerifyEmailTest"/>
</testsuite> <!-- com.register.test.VerifyEmailTest -->
