<?xml version="1.0" encoding="UTF-8"?>
<!-- Generated by org.testng.reporters.JUnitReportReporter -->
<testsuite hostname="GRB-RDG1WIN7915" name="com.register.test.LoginUserTest" tests="1" failures="0" timestamp="25 Sep 2017 11:05:26 GMT" time="17.885" errors="0">
  <testcase name="userLogin" time="17.885" classname="com.register.test.LoginUserTest"/>
</testsuite> <!-- com.register.test.LoginUserTest -->
