<?xml version="1.0" encoding="UTF-8"?>
<!-- Generated by org.testng.reporters.JUnitReportReporter -->
<testsuite hostname="GRB-RDG1WIN7915" name="com.register.test.DeleteUserAccountsTest" tests="12" failures="0" timestamp="28 Sep 2017 10:53:37 GMT" time="459.822" errors="0">
  <testcase name="deleteUsersProfile" time="38.680" classname="com.register.test.DeleteUserAccountsTest"/>
  <testcase name="deleteUsersProfile" time="39.079" classname="com.register.test.DeleteUserAccountsTest"/>
  <testcase name="deleteUsersProfile" time="38.230" classname="com.register.test.DeleteUserAccountsTest"/>
  <testcase name="deleteUsersProfile" time="40.649" classname="com.register.test.DeleteUserAccountsTest"/>
  <testcase name="deleteUsersProfile" time="42.602" classname="com.register.test.DeleteUserAccountsTest"/>
  <testcase name="deleteUsersProfile" time="27.834" classname="com.register.test.DeleteUserAccountsTest"/>
  <testcase name="deleteUsersProfile" time="38.121" classname="com.register.test.DeleteUserAccountsTest"/>
  <testcase name="deleteUsersProfile" time="39.428" classname="com.register.test.DeleteUserAccountsTest"/>
  <testcase name="deleteUsersProfile" time="37.599" classname="com.register.test.DeleteUserAccountsTest"/>
  <testcase name="deleteUsersProfile" time="39.398" classname="com.register.test.DeleteUserAccountsTest"/>
  <testcase name="deleteUsersProfile" time="38.846" classname="com.register.test.DeleteUserAccountsTest"/>
  <testcase name="deleteUsersProfile" time="39.356" classname="com.register.test.DeleteUserAccountsTest"/>
</testsuite> <!-- com.register.test.DeleteUserAccountsTest -->
