<?xml version="1.0" encoding="UTF-8"?>
<!-- Generated by org.testng.reporters.JUnitReportReporter -->
<testsuite hostname="GRB-LDS1W10A01" name="com.register.test.VerifyOTPCode" tests="1" failures="0" timestamp="9 Jan 2018 15:43:28 GMT" time="46.806" errors="0">
  <testcase name="verifyOTPcode" time="46.806" classname="com.register.test.VerifyOTPCode"/>
</testsuite> <!-- com.register.test.VerifyOTPCode -->
