<?xml version="1.0" encoding="UTF-8"?>
<!-- Generated by org.testng.reporters.JUnitReportReporter -->
<testsuite hostname="GRB-LDS1W10A01" name="com.register.test.DelayTest" tests="1" failures="0" timestamp="26 Oct 2017 14:09:18 GMT" time="72.541" errors="0">
  <testcase name="userRegistration" time="72.541" classname="com.register.test.DelayTest"/>
</testsuite> <!-- com.register.test.DelayTest -->
