<?xml version="1.0" encoding="UTF-8"?>
<!-- Generated by org.testng.reporters.JUnitReportReporter -->
<testsuite hostname="GRB-RDG1WIN7915" name="com.register.test.RegisterUserTest02" tests="1" failures="0" timestamp="20 Sep 2017 14:33:01 GMT" time="26.659" errors="0">
  <testcase name="userRegistration" time="26.659" classname="com.register.test.RegisterUserTest02"/>
</testsuite> <!-- com.register.test.RegisterUserTest02 -->
