<?xml version="1.0" encoding="UTF-8"?>
<!-- Generated by org.testng.reporters.JUnitReportReporter -->
<testsuite hostname="GRB-RDG1WIN7915" name="com.register.test.RegisterUser" tests="1" failures="0" timestamp="1 Sep 2017 13:05:13 GMT" time="12.784" errors="0">
  <testcase name="userRegistration" time="12.784" classname="com.register.test.RegisterUser"/>
</testsuite> <!-- com.register.test.RegisterUser -->
