<?xml version="1.0" encoding="UTF-8"?>
<!-- Generated by org.testng.reporters.JUnitReportReporter -->
<testsuite skipped="0" hostname="GRB-RDG1WIN7915" name="TestPackage.TestingJobs" tests="1" failures="0" timestamp="24 Aug 2017 14:11:26 GMT" time="22.540" errors="0">
  <testcase name="testJenkins" time="22.540" classname="TestPackage.TestingJobs"/>
</testsuite> <!-- TestPackage.TestingJobs -->
