<?xml version="1.0" encoding="UTF-8"?>
<!-- Generated by org.testng.reporters.JUnitReportReporter -->
<testsuite skipped="0" hostname="GRB-RDG1WIN7915" name="TestPackage.TestingJobs" tests="1" failures="0" timestamp="22 Aug 2017 13:00:23 GMT" time="0.018" errors="0">
  <testcase name="testJenkins" time="0.018" classname="TestPackage.TestingJobs"/>
</testsuite> <!-- TestPackage.TestingJobs -->
